2020-11-16 07:56:22.022 [background-preinit] INFO  o.h.validator.internal.util.Version - HV000001: Hibernate Validator 6.0.21.Final
2020-11-16 07:56:24.869 [main] INFO  o.s.b.w.e.tomcat.TomcatWebServer - Tomcat initialized with port(s): 8888 (http)
2020-11-16 07:56:24.879 [main] INFO  o.a.coyote.http11.Http11NioProtocol - Initializing ProtocolHandler ["http-nio-8888"]
2020-11-16 07:56:24.879 [main] INFO  o.a.catalina.core.StandardService - Starting service [Tomcat]
2020-11-16 07:56:24.880 [main] INFO  o.a.catalina.core.StandardEngine - Starting Servlet engine: [Apache Tomcat/9.0.39]
2020-11-16 07:56:25.113 [main] INFO  o.a.c.c.C.[Tomcat].[localhost].[/] - Initializing Spring embedded WebApplicationContext
2020-11-16 07:56:25.113 [main] INFO  o.s.b.w.s.c.ServletWebServerApplicationContext - Root WebApplicationContext: initialization completed in 2730 ms
2020-11-16 07:56:25.279 [main] INFO  c.a.d.s.b.a.DruidDataSourceAutoConfigure - Init DruidDataSource
2020-11-16 07:56:26.321 [main] INFO  c.alibaba.druid.pool.DruidDataSource - {dataSource-1} inited
2020-11-16 07:56:27.168 [main] INFO  o.s.s.c.ThreadPoolTaskExecutor - Initializing ExecutorService 'applicationTaskExecutor'
2020-11-16 07:56:27.290 [main] INFO  o.s.b.a.w.s.WelcomePageHandlerMapping - Adding welcome page: class path resource [static/index.html]
2020-11-16 07:56:27.441 [main] INFO  o.a.coyote.http11.Http11NioProtocol - Starting ProtocolHandler ["http-nio-8888"]
2020-11-16 07:56:27.463 [main] INFO  o.s.b.w.e.tomcat.TomcatWebServer - Tomcat started on port(s): 8888 (http) with context path ''
2020-11-16 07:57:22.238 [http-nio-8888-exec-1] INFO  o.a.c.c.C.[Tomcat].[localhost].[/] - Initializing Spring DispatcherServlet 'dispatcherServlet'
2020-11-16 07:57:22.240 [http-nio-8888-exec-1] INFO  o.s.web.servlet.DispatcherServlet - Initializing Servlet 'dispatcherServlet'
2020-11-16 07:57:22.254 [http-nio-8888-exec-1] INFO  o.s.web.servlet.DispatcherServlet - Completed initialization in 14 ms
2020-11-16 07:58:53.710 [http-nio-8888-exec-1] ERROR c.a.d.pool.DruidAbstractDataSource - discard long time none received connection. , jdbcUrl : jdbc:mysql://127.0.0.1:3306/books?useUnicode=true&characterEncoding=utf-8&useSSL=true&serverTimezone=Asia/Shanghai, jdbcUrl : jdbc:mysql://127.0.0.1:3306/books?useUnicode=true&characterEncoding=utf-8&useSSL=true&serverTimezone=Asia/Shanghai, lastPacketReceivedIdleMillis : 89460
2020-11-16 07:58:53.715 [http-nio-8888-exec-1] ERROR c.a.d.pool.DruidAbstractDataSource - discard long time none received connection. , jdbcUrl : jdbc:mysql://127.0.0.1:3306/books?useUnicode=true&characterEncoding=utf-8&useSSL=true&serverTimezone=Asia/Shanghai, jdbcUrl : jdbc:mysql://127.0.0.1:3306/books?useUnicode=true&characterEncoding=utf-8&useSSL=true&serverTimezone=Asia/Shanghai, lastPacketReceivedIdleMillis : 147414
2020-11-16 08:04:23.200 [http-nio-8888-exec-2] ERROR c.a.d.pool.DruidAbstractDataSource - discard long time none received connection. , jdbcUrl : jdbc:mysql://127.0.0.1:3306/books?useUnicode=true&characterEncoding=utf-8&useSSL=true&serverTimezone=Asia/Shanghai, jdbcUrl : jdbc:mysql://127.0.0.1:3306/books?useUnicode=true&characterEncoding=utf-8&useSSL=true&serverTimezone=Asia/Shanghai, lastPacketReceivedIdleMillis : 109307
2020-11-16 08:06:02.664 [http-nio-8888-exec-2] ERROR c.a.d.pool.DruidAbstractDataSource - discard long time none received connection. , jdbcUrl : jdbc:mysql://127.0.0.1:3306/books?useUnicode=true&characterEncoding=utf-8&useSSL=true&serverTimezone=Asia/Shanghai, jdbcUrl : jdbc:mysql://127.0.0.1:3306/books?useUnicode=true&characterEncoding=utf-8&useSSL=true&serverTimezone=Asia/Shanghai, lastPacketReceivedIdleMillis : 99453
2020-11-16 08:10:16.543 [http-nio-8888-exec-4] ERROR c.a.d.pool.DruidAbstractDataSource - discard long time none received connection. , jdbcUrl : jdbc:mysql://127.0.0.1:3306/books?useUnicode=true&characterEncoding=utf-8&useSSL=true&serverTimezone=Asia/Shanghai, jdbcUrl : jdbc:mysql://127.0.0.1:3306/books?useUnicode=true&characterEncoding=utf-8&useSSL=true&serverTimezone=Asia/Shanghai, lastPacketReceivedIdleMillis : 225300
2020-11-16 08:12:29.339 [http-nio-8888-exec-4] ERROR c.a.d.pool.DruidAbstractDataSource - discard long time none received connection. , jdbcUrl : jdbc:mysql://127.0.0.1:3306/books?useUnicode=true&characterEncoding=utf-8&useSSL=true&serverTimezone=Asia/Shanghai, jdbcUrl : jdbc:mysql://127.0.0.1:3306/books?useUnicode=true&characterEncoding=utf-8&useSSL=true&serverTimezone=Asia/Shanghai, lastPacketReceivedIdleMillis : 132784
2020-11-16 08:18:35.314 [http-nio-8888-exec-1] ERROR c.a.d.pool.DruidAbstractDataSource - discard long time none received connection. , jdbcUrl : jdbc:mysql://127.0.0.1:3306/books?useUnicode=true&characterEncoding=utf-8&useSSL=true&serverTimezone=Asia/Shanghai, jdbcUrl : jdbc:mysql://127.0.0.1:3306/books?useUnicode=true&characterEncoding=utf-8&useSSL=true&serverTimezone=Asia/Shanghai, lastPacketReceivedIdleMillis : 87609
2020-11-16 08:20:07.332 [http-nio-8888-exec-9] ERROR o.a.c.c.C.[.[.[.[dispatcherServlet] - Servlet.service() for servlet [dispatcherServlet] in context with path [] threw exception [Request processing failed; nested exception is org.springframework.jdbc.UncategorizedSQLException: 
### Error querying database.  Cause: java.sql.SQLException: sql injection violation, dbType mysql, , druid-version 1.2.1, syntax error: ERROR. pos 12, line 1, column 7, token FROM : select  from content
        where book_id = ?
### The error may exist in bao/xy/dao/WechatMapping.xml
### The error may involve bao.xy.dao.WechatMapping.bContent
### The error occurred while executing a query
### SQL: select  from content         where book_id = ?
### Cause: java.sql.SQLException: sql injection violation, dbType mysql, , druid-version 1.2.1, syntax error: ERROR. pos 12, line 1, column 7, token FROM : select  from content
        where book_id = ?
; uncategorized SQLException; SQL state [null]; error code [0]; sql injection violation, dbType mysql, , druid-version 1.2.1, syntax error: ERROR. pos 12, line 1, column 7, token FROM : select  from content
        where book_id = ?; nested exception is java.sql.SQLException: sql injection violation, dbType mysql, , druid-version 1.2.1, syntax error: ERROR. pos 12, line 1, column 7, token FROM : select  from content
        where book_id = ?] with root cause
com.alibaba.druid.sql.parser.ParserException: ERROR. pos 12, line 1, column 7, token FROM
	at com.alibaba.druid.sql.parser.SQLExprParser.primary(SQLExprParser.java:1128)
	at com.alibaba.druid.sql.dialect.mysql.parser.MySqlExprParser.primary(MySqlExprParser.java:503)
	at com.alibaba.druid.sql.parser.SQLExprParser.expr(SQLExprParser.java:95)
	at com.alibaba.druid.sql.parser.SQLExprParser.parseSelectItem(SQLExprParser.java:5427)
	at com.alibaba.druid.sql.parser.SQLSelectParser.parseSelectList(SQLSelectParser.java:973)
	at com.alibaba.druid.sql.dialect.mysql.parser.MySqlSelectParser.query(MySqlSelectParser.java:235)
	at com.alibaba.druid.sql.parser.SQLSelectParser.query(SQLSelectParser.java:372)
	at com.alibaba.druid.sql.parser.SQLSelectParser.select(SQLSelectParser.java:61)
	at com.alibaba.druid.sql.dialect.mysql.parser.MySqlStatementParser.parseSelect(MySqlStatementParser.java:124)
	at com.alibaba.druid.sql.parser.SQLStatementParser.parseStatementList(SQLStatementParser.java:204)
	at com.alibaba.druid.sql.parser.SQLStatementParser.parseStatementList(SQLStatementParser.java:124)
	at com.alibaba.druid.wall.WallProvider.checkInternal(WallProvider.java:629)
	at com.alibaba.druid.wall.WallProvider.check(WallProvider.java:583)
	at com.alibaba.druid.wall.WallFilter.checkInternal(WallFilter.java:820)
	at com.alibaba.druid.wall.WallFilter.connection_prepareStatement(WallFilter.java:286)
	at com.alibaba.druid.filter.FilterChainImpl.connection_prepareStatement(FilterChainImpl.java:568)
	at com.alibaba.druid.filter.FilterAdapter.connection_prepareStatement(FilterAdapter.java:930)
	at com.alibaba.druid.filter.FilterEventAdapter.connection_prepareStatement(FilterEventAdapter.java:122)
	at com.alibaba.druid.filter.FilterChainImpl.connection_prepareStatement(FilterChainImpl.java:568)
	at com.alibaba.druid.proxy.jdbc.ConnectionProxyImpl.prepareStatement(ConnectionProxyImpl.java:341)
	at com.alibaba.druid.pool.DruidPooledConnection.prepareStatement(DruidPooledConnection.java:351)
	at org.apache.ibatis.executor.statement.PreparedStatementHandler.instantiateStatement(PreparedStatementHandler.java:86)
	at org.apache.ibatis.executor.statement.BaseStatementHandler.prepare(BaseStatementHandler.java:88)
	at org.apache.ibatis.executor.statement.RoutingStatementHandler.prepare(RoutingStatementHandler.java:59)
	at org.apache.ibatis.executor.SimpleExecutor.prepareStatement(SimpleExecutor.java:87)
	at org.apache.ibatis.executor.SimpleExecutor.doQuery(SimpleExecutor.java:62)
	at org.apache.ibatis.executor.BaseExecutor.queryFromDatabase(BaseExecutor.java:325)
	at org.apache.ibatis.executor.BaseExecutor.query(BaseExecutor.java:156)
	at org.apache.ibatis.executor.CachingExecutor.query(CachingExecutor.java:109)
	at org.apache.ibatis.executor.CachingExecutor.query(CachingExecutor.java:89)
	at org.apache.ibatis.session.defaults.DefaultSqlSession.selectList(DefaultSqlSession.java:147)
	at org.apache.ibatis.session.defaults.DefaultSqlSession.selectList(DefaultSqlSession.java:140)
	at org.apache.ibatis.session.defaults.DefaultSqlSession.selectOne(DefaultSqlSession.java:76)
	at sun.reflect.GeneratedMethodAccessor92.invoke(Unknown Source)
	at sun.reflect.DelegatingMethodAccessorImpl.invoke(DelegatingMethodAccessorImpl.java:43)
	at java.lang.reflect.Method.invoke(Method.java:498)
	at org.mybatis.spring.SqlSessionTemplate$SqlSessionInterceptor.invoke(SqlSessionTemplate.java:426)
	at com.sun.proxy.$Proxy58.selectOne(Unknown Source)
	at org.mybatis.spring.SqlSessionTemplate.selectOne(SqlSessionTemplate.java:159)
	at org.apache.ibatis.binding.MapperMethod.execute(MapperMethod.java:87)
	at org.apache.ibatis.binding.MapperProxy$PlainMethodInvoker.invoke(MapperProxy.java:152)
	at org.apache.ibatis.binding.MapperProxy.invoke(MapperProxy.java:85)
	at com.sun.proxy.$Proxy69.bContent(Unknown Source)
	at bao.xy.service.impl.WechatServiceImpl.bookContnet(WechatServiceImpl.java:156)
	at bao.xy.service.impl.WechatServiceImpl$$FastClassBySpringCGLIB$$d63a0889.invoke(<generated>)
	at org.springframework.cglib.proxy.MethodProxy.invoke(MethodProxy.java:218)
	at org.springframework.aop.framework.CglibAopProxy$CglibMethodInvocation.invokeJoinpoint(CglibAopProxy.java:771)
	at org.springframework.aop.framework.ReflectiveMethodInvocation.proceed(ReflectiveMethodInvocation.java:163)
	at org.springframework.aop.framework.CglibAopProxy$CglibMethodInvocation.proceed(CglibAopProxy.java:749)
	at org.springframework.transaction.interceptor.TransactionAspectSupport.invokeWithinTransaction(TransactionAspectSupport.java:367)
	at org.springframework.transaction.interceptor.TransactionInterceptor.invoke(TransactionInterceptor.java:118)
	at org.springframework.aop.framework.ReflectiveMethodInvocation.proceed(ReflectiveMethodInvocation.java:186)
	at org.springframework.aop.framework.CglibAopProxy$CglibMethodInvocation.proceed(CglibAopProxy.java:749)
	at org.springframework.aop.framework.CglibAopProxy$DynamicAdvisedInterceptor.intercept(CglibAopProxy.java:691)
	at bao.xy.service.impl.WechatServiceImpl$$EnhancerBySpringCGLIB$$f1ed0a7c.bookContnet(<generated>)
	at bao.xy.controller.WechatController.content(WechatController.java:53)
	at sun.reflect.GeneratedMethodAccessor91.invoke(Unknown Source)
	at sun.reflect.DelegatingMethodAccessorImpl.invoke(DelegatingMethodAccessorImpl.java:43)
	at java.lang.reflect.Method.invoke(Method.java:498)
	at org.springframework.web.method.support.InvocableHandlerMethod.doInvoke(InvocableHandlerMethod.java:190)
	at org.springframework.web.method.support.InvocableHandlerMethod.invokeForRequest(InvocableHandlerMethod.java:138)
	at org.springframework.web.servlet.mvc.method.annotation.ServletInvocableHandlerMethod.invokeAndHandle(ServletInvocableHandlerMethod.java:105)
	at org.springframework.web.servlet.mvc.method.annotation.RequestMappingHandlerAdapter.invokeHandlerMethod(RequestMappingHandlerAdapter.java:878)
	at org.springframework.web.servlet.mvc.method.annotation.RequestMappingHandlerAdapter.handleInternal(RequestMappingHandlerAdapter.java:792)
	at org.springframework.web.servlet.mvc.method.AbstractHandlerMethodAdapter.handle(AbstractHandlerMethodAdapter.java:87)
	at org.springframework.web.servlet.DispatcherServlet.doDispatch(DispatcherServlet.java:1040)
	at org.springframework.web.servlet.DispatcherServlet.doService(DispatcherServlet.java:943)
	at org.springframework.web.servlet.FrameworkServlet.processRequest(FrameworkServlet.java:1006)
	at org.springframework.web.servlet.FrameworkServlet.doPost(FrameworkServlet.java:909)
	at javax.servlet.http.HttpServlet.service(HttpServlet.java:652)
	at org.springframework.web.servlet.FrameworkServlet.service(FrameworkServlet.java:883)
	at javax.servlet.http.HttpServlet.service(HttpServlet.java:733)
	at org.apache.catalina.core.ApplicationFilterChain.internalDoFilter(ApplicationFilterChain.java:231)
	at org.apache.catalina.core.ApplicationFilterChain.doFilter(ApplicationFilterChain.java:166)
	at org.apache.tomcat.websocket.server.WsFilter.doFilter(WsFilter.java:53)
	at org.apache.catalina.core.ApplicationFilterChain.internalDoFilter(ApplicationFilterChain.java:193)
	at org.apache.catalina.core.ApplicationFilterChain.doFilter(ApplicationFilterChain.java:166)
	at com.alibaba.druid.support.http.WebStatFilter.doFilter(WebStatFilter.java:124)
	at org.apache.catalina.core.ApplicationFilterChain.internalDoFilter(ApplicationFilterChain.java:193)
	at org.apache.catalina.core.ApplicationFilterChain.doFilter(ApplicationFilterChain.java:166)
	at org.springframework.web.filter.RequestContextFilter.doFilterInternal(RequestContextFilter.java:100)
	at org.springframework.web.filter.OncePerRequestFilter.doFilter(OncePerRequestFilter.java:119)
	at org.apache.catalina.core.ApplicationFilterChain.internalDoFilter(ApplicationFilterChain.java:193)
	at org.apache.catalina.core.ApplicationFilterChain.doFilter(ApplicationFilterChain.java:166)
	at org.springframework.web.filter.FormContentFilter.doFilterInternal(FormContentFilter.java:93)
	at org.springframework.web.filter.OncePerRequestFilter.doFilter(OncePerRequestFilter.java:119)
	at org.apache.catalina.core.ApplicationFilterChain.internalDoFilter(ApplicationFilterChain.java:193)
	at org.apache.catalina.core.ApplicationFilterChain.doFilter(ApplicationFilterChain.java:166)
	at org.springframework.web.filter.CharacterEncodingFilter.doFilterInternal(CharacterEncodingFilter.java:201)
	at org.springframework.web.filter.OncePerRequestFilter.doFilter(OncePerRequestFilter.java:119)
	at org.apache.catalina.core.ApplicationFilterChain.internalDoFilter(ApplicationFilterChain.java:193)
	at org.apache.catalina.core.ApplicationFilterChain.doFilter(ApplicationFilterChain.java:166)
	at org.apache.catalina.core.StandardWrapperValve.invoke(StandardWrapperValve.java:202)
	at org.apache.catalina.core.StandardContextValve.invoke(StandardContextValve.java:97)
	at org.apache.catalina.authenticator.AuthenticatorBase.invoke(AuthenticatorBase.java:542)
	at org.apache.catalina.core.StandardHostValve.invoke(StandardHostValve.java:143)
	at org.apache.catalina.valves.ErrorReportValve.invoke(ErrorReportValve.java:92)
	at org.apache.catalina.core.StandardEngineValve.invoke(StandardEngineValve.java:78)
	at org.apache.catalina.connector.CoyoteAdapter.service(CoyoteAdapter.java:343)
	at org.apache.coyote.http11.Http11Processor.service(Http11Processor.java:374)
	at org.apache.coyote.AbstractProcessorLight.process(AbstractProcessorLight.java:65)
	at org.apache.coyote.AbstractProtocol$ConnectionHandler.process(AbstractProtocol.java:868)
	at org.apache.tomcat.util.net.NioEndpoint$SocketProcessor.doRun(NioEndpoint.java:1590)
	at org.apache.tomcat.util.net.SocketProcessorBase.run(SocketProcessorBase.java:49)
	at java.util.concurrent.ThreadPoolExecutor.runWorker(ThreadPoolExecutor.java:1149)
	at java.util.concurrent.ThreadPoolExecutor$Worker.run(ThreadPoolExecutor.java:624)
	at org.apache.tomcat.util.threads.TaskThread$WrappingRunnable.run(TaskThread.java:61)
	at java.lang.Thread.run(Thread.java:748)
2020-11-16 08:20:17.409 [http-nio-8888-exec-2] ERROR o.a.c.c.C.[.[.[.[dispatcherServlet] - Servlet.service() for servlet [dispatcherServlet] in context with path [] threw exception [Request processing failed; nested exception is org.springframework.jdbc.UncategorizedSQLException: 
### Error querying database.  Cause: java.sql.SQLException: sql injection violation, dbType mysql, , druid-version 1.2.1, syntax error: ERROR. pos 12, line 1, column 7, token FROM : select  from content
        where book_id = ?
### The error may exist in bao/xy/dao/WechatMapping.xml
### The error may involve bao.xy.dao.WechatMapping.bContent
### The error occurred while executing a query
### SQL: select  from content         where book_id = ?
### Cause: java.sql.SQLException: sql injection violation, dbType mysql, , druid-version 1.2.1, syntax error: ERROR. pos 12, line 1, column 7, token FROM : select  from content
        where book_id = ?
; uncategorized SQLException; SQL state [null]; error code [0]; sql injection violation, dbType mysql, , druid-version 1.2.1, syntax error: ERROR. pos 12, line 1, column 7, token FROM : select  from content
        where book_id = ?; nested exception is java.sql.SQLException: sql injection violation, dbType mysql, , druid-version 1.2.1, syntax error: ERROR. pos 12, line 1, column 7, token FROM : select  from content
        where book_id = ?] with root cause
com.alibaba.druid.sql.parser.ParserException: ERROR. pos 12, line 1, column 7, token FROM
	at com.alibaba.druid.sql.parser.SQLExprParser.primary(SQLExprParser.java:1128)
	at com.alibaba.druid.sql.dialect.mysql.parser.MySqlExprParser.primary(MySqlExprParser.java:503)
	at com.alibaba.druid.sql.parser.SQLExprParser.expr(SQLExprParser.java:95)
	at com.alibaba.druid.sql.parser.SQLExprParser.parseSelectItem(SQLExprParser.java:5427)
	at com.alibaba.druid.sql.parser.SQLSelectParser.parseSelectList(SQLSelectParser.java:973)
	at com.alibaba.druid.sql.dialect.mysql.parser.MySqlSelectParser.query(MySqlSelectParser.java:235)
	at com.alibaba.druid.sql.parser.SQLSelectParser.query(SQLSelectParser.java:372)
	at com.alibaba.druid.sql.parser.SQLSelectParser.select(SQLSelectParser.java:61)
	at com.alibaba.druid.sql.dialect.mysql.parser.MySqlStatementParser.parseSelect(MySqlStatementParser.java:124)
	at com.alibaba.druid.sql.parser.SQLStatementParser.parseStatementList(SQLStatementParser.java:204)
	at com.alibaba.druid.sql.parser.SQLStatementParser.parseStatementList(SQLStatementParser.java:124)
	at com.alibaba.druid.wall.WallProvider.checkInternal(WallProvider.java:629)
	at com.alibaba.druid.wall.WallProvider.check(WallProvider.java:583)
	at com.alibaba.druid.wall.WallFilter.checkInternal(WallFilter.java:820)
	at com.alibaba.druid.wall.WallFilter.connection_prepareStatement(WallFilter.java:286)
	at com.alibaba.druid.filter.FilterChainImpl.connection_prepareStatement(FilterChainImpl.java:568)
	at com.alibaba.druid.filter.FilterAdapter.connection_prepareStatement(FilterAdapter.java:930)
	at com.alibaba.druid.filter.FilterEventAdapter.connection_prepareStatement(FilterEventAdapter.java:122)
	at com.alibaba.druid.filter.FilterChainImpl.connection_prepareStatement(FilterChainImpl.java:568)
	at com.alibaba.druid.proxy.jdbc.ConnectionProxyImpl.prepareStatement(ConnectionProxyImpl.java:341)
	at com.alibaba.druid.pool.DruidPooledConnection.prepareStatement(DruidPooledConnection.java:351)
	at org.apache.ibatis.executor.statement.PreparedStatementHandler.instantiateStatement(PreparedStatementHandler.java:86)
	at org.apache.ibatis.executor.statement.BaseStatementHandler.prepare(BaseStatementHandler.java:88)
	at org.apache.ibatis.executor.statement.RoutingStatementHandler.prepare(RoutingStatementHandler.java:59)
	at org.apache.ibatis.executor.SimpleExecutor.prepareStatement(SimpleExecutor.java:87)
	at org.apache.ibatis.executor.SimpleExecutor.doQuery(SimpleExecutor.java:62)
	at org.apache.ibatis.executor.BaseExecutor.queryFromDatabase(BaseExecutor.java:325)
	at org.apache.ibatis.executor.BaseExecutor.query(BaseExecutor.java:156)
	at org.apache.ibatis.executor.CachingExecutor.query(CachingExecutor.java:109)
	at org.apache.ibatis.executor.CachingExecutor.query(CachingExecutor.java:89)
	at org.apache.ibatis.session.defaults.DefaultSqlSession.selectList(DefaultSqlSession.java:147)
	at org.apache.ibatis.session.defaults.DefaultSqlSession.selectList(DefaultSqlSession.java:140)
	at org.apache.ibatis.session.defaults.DefaultSqlSession.selectOne(DefaultSqlSession.java:76)
	at sun.reflect.GeneratedMethodAccessor92.invoke(Unknown Source)
	at sun.reflect.DelegatingMethodAccessorImpl.invoke(DelegatingMethodAccessorImpl.java:43)
	at java.lang.reflect.Method.invoke(Method.java:498)
	at org.mybatis.spring.SqlSessionTemplate$SqlSessionInterceptor.invoke(SqlSessionTemplate.java:426)
	at com.sun.proxy.$Proxy58.selectOne(Unknown Source)
	at org.mybatis.spring.SqlSessionTemplate.selectOne(SqlSessionTemplate.java:159)
	at org.apache.ibatis.binding.MapperMethod.execute(MapperMethod.java:87)
	at org.apache.ibatis.binding.MapperProxy$PlainMethodInvoker.invoke(MapperProxy.java:152)
	at org.apache.ibatis.binding.MapperProxy.invoke(MapperProxy.java:85)
	at com.sun.proxy.$Proxy69.bContent(Unknown Source)
	at bao.xy.service.impl.WechatServiceImpl.bookContnet(WechatServiceImpl.java:156)
	at bao.xy.service.impl.WechatServiceImpl$$FastClassBySpringCGLIB$$d63a0889.invoke(<generated>)
	at org.springframework.cglib.proxy.MethodProxy.invoke(MethodProxy.java:218)
	at org.springframework.aop.framework.CglibAopProxy$CglibMethodInvocation.invokeJoinpoint(CglibAopProxy.java:771)
	at org.springframework.aop.framework.ReflectiveMethodInvocation.proceed(ReflectiveMethodInvocation.java:163)
	at org.springframework.aop.framework.CglibAopProxy$CglibMethodInvocation.proceed(CglibAopProxy.java:749)
	at org.springframework.transaction.interceptor.TransactionAspectSupport.invokeWithinTransaction(TransactionAspectSupport.java:367)
	at org.springframework.transaction.interceptor.TransactionInterceptor.invoke(TransactionInterceptor.java:118)
	at org.springframework.aop.framework.ReflectiveMethodInvocation.proceed(ReflectiveMethodInvocation.java:186)
	at org.springframework.aop.framework.CglibAopProxy$CglibMethodInvocation.proceed(CglibAopProxy.java:749)
	at org.springframework.aop.framework.CglibAopProxy$DynamicAdvisedInterceptor.intercept(CglibAopProxy.java:691)
	at bao.xy.service.impl.WechatServiceImpl$$EnhancerBySpringCGLIB$$f1ed0a7c.bookContnet(<generated>)
	at bao.xy.controller.WechatController.content(WechatController.java:53)
	at sun.reflect.GeneratedMethodAccessor91.invoke(Unknown Source)
	at sun.reflect.DelegatingMethodAccessorImpl.invoke(DelegatingMethodAccessorImpl.java:43)
	at java.lang.reflect.Method.invoke(Method.java:498)
	at org.springframework.web.method.support.InvocableHandlerMethod.doInvoke(InvocableHandlerMethod.java:190)
	at org.springframework.web.method.support.InvocableHandlerMethod.invokeForRequest(InvocableHandlerMethod.java:138)
	at org.springframework.web.servlet.mvc.method.annotation.ServletInvocableHandlerMethod.invokeAndHandle(ServletInvocableHandlerMethod.java:105)
	at org.springframework.web.servlet.mvc.method.annotation.RequestMappingHandlerAdapter.invokeHandlerMethod(RequestMappingHandlerAdapter.java:878)
	at org.springframework.web.servlet.mvc.method.annotation.RequestMappingHandlerAdapter.handleInternal(RequestMappingHandlerAdapter.java:792)
	at org.springframework.web.servlet.mvc.method.AbstractHandlerMethodAdapter.handle(AbstractHandlerMethodAdapter.java:87)
	at org.springframework.web.servlet.DispatcherServlet.doDispatch(DispatcherServlet.java:1040)
	at org.springframework.web.servlet.DispatcherServlet.doService(DispatcherServlet.java:943)
	at org.springframework.web.servlet.FrameworkServlet.processRequest(FrameworkServlet.java:1006)
	at org.springframework.web.servlet.FrameworkServlet.doPost(FrameworkServlet.java:909)
	at javax.servlet.http.HttpServlet.service(HttpServlet.java:652)
	at org.springframework.web.servlet.FrameworkServlet.service(FrameworkServlet.java:883)
	at javax.servlet.http.HttpServlet.service(HttpServlet.java:733)
	at org.apache.catalina.core.ApplicationFilterChain.internalDoFilter(ApplicationFilterChain.java:231)
	at org.apache.catalina.core.ApplicationFilterChain.doFilter(ApplicationFilterChain.java:166)
	at org.apache.tomcat.websocket.server.WsFilter.doFilter(WsFilter.java:53)
	at org.apache.catalina.core.ApplicationFilterChain.internalDoFilter(ApplicationFilterChain.java:193)
	at org.apache.catalina.core.ApplicationFilterChain.doFilter(ApplicationFilterChain.java:166)
	at com.alibaba.druid.support.http.WebStatFilter.doFilter(WebStatFilter.java:124)
	at org.apache.catalina.core.ApplicationFilterChain.internalDoFilter(ApplicationFilterChain.java:193)
	at org.apache.catalina.core.ApplicationFilterChain.doFilter(ApplicationFilterChain.java:166)
	at org.springframework.web.filter.RequestContextFilter.doFilterInternal(RequestContextFilter.java:100)
	at org.springframework.web.filter.OncePerRequestFilter.doFilter(OncePerRequestFilter.java:119)
	at org.apache.catalina.core.ApplicationFilterChain.internalDoFilter(ApplicationFilterChain.java:193)
	at org.apache.catalina.core.ApplicationFilterChain.doFilter(ApplicationFilterChain.java:166)
	at org.springframework.web.filter.FormContentFilter.doFilterInternal(FormContentFilter.java:93)
	at org.springframework.web.filter.OncePerRequestFilter.doFilter(OncePerRequestFilter.java:119)
	at org.apache.catalina.core.ApplicationFilterChain.internalDoFilter(ApplicationFilterChain.java:193)
	at org.apache.catalina.core.ApplicationFilterChain.doFilter(ApplicationFilterChain.java:166)
	at org.springframework.web.filter.CharacterEncodingFilter.doFilterInternal(CharacterEncodingFilter.java:201)
	at org.springframework.web.filter.OncePerRequestFilter.doFilter(OncePerRequestFilter.java:119)
	at org.apache.catalina.core.ApplicationFilterChain.internalDoFilter(ApplicationFilterChain.java:193)
	at org.apache.catalina.core.ApplicationFilterChain.doFilter(ApplicationFilterChain.java:166)
	at org.apache.catalina.core.StandardWrapperValve.invoke(StandardWrapperValve.java:202)
	at org.apache.catalina.core.StandardContextValve.invoke(StandardContextValve.java:97)
	at org.apache.catalina.authenticator.AuthenticatorBase.invoke(AuthenticatorBase.java:542)
	at org.apache.catalina.core.StandardHostValve.invoke(StandardHostValve.java:143)
	at org.apache.catalina.valves.ErrorReportValve.invoke(ErrorReportValve.java:92)
	at org.apache.catalina.core.StandardEngineValve.invoke(StandardEngineValve.java:78)
	at org.apache.catalina.connector.CoyoteAdapter.service(CoyoteAdapter.java:343)
	at org.apache.coyote.http11.Http11Processor.service(Http11Processor.java:374)
	at org.apache.coyote.AbstractProcessorLight.process(AbstractProcessorLight.java:65)
	at org.apache.coyote.AbstractProtocol$ConnectionHandler.process(AbstractProtocol.java:868)
	at org.apache.tomcat.util.net.NioEndpoint$SocketProcessor.doRun(NioEndpoint.java:1590)
	at org.apache.tomcat.util.net.SocketProcessorBase.run(SocketProcessorBase.java:49)
	at java.util.concurrent.ThreadPoolExecutor.runWorker(ThreadPoolExecutor.java:1149)
	at java.util.concurrent.ThreadPoolExecutor$Worker.run(ThreadPoolExecutor.java:624)
	at org.apache.tomcat.util.threads.TaskThread$WrappingRunnable.run(TaskThread.java:61)
	at java.lang.Thread.run(Thread.java:748)
2020-11-16 08:20:42.101 [http-nio-8888-exec-7] ERROR o.a.c.c.C.[.[.[.[dispatcherServlet] - Servlet.service() for servlet [dispatcherServlet] in context with path [] threw exception [Request processing failed; nested exception is org.springframework.jdbc.UncategorizedSQLException: 
### Error querying database.  Cause: java.sql.SQLException: sql injection violation, dbType mysql, , druid-version 1.2.1, syntax error: ERROR. pos 12, line 1, column 7, token FROM : select  from content
        where book_id = ?
### The error may exist in bao/xy/dao/WechatMapping.xml
### The error may involve bao.xy.dao.WechatMapping.bContent
### The error occurred while executing a query
### SQL: select  from content         where book_id = ?
### Cause: java.sql.SQLException: sql injection violation, dbType mysql, , druid-version 1.2.1, syntax error: ERROR. pos 12, line 1, column 7, token FROM : select  from content
        where book_id = ?
; uncategorized SQLException; SQL state [null]; error code [0]; sql injection violation, dbType mysql, , druid-version 1.2.1, syntax error: ERROR. pos 12, line 1, column 7, token FROM : select  from content
        where book_id = ?; nested exception is java.sql.SQLException: sql injection violation, dbType mysql, , druid-version 1.2.1, syntax error: ERROR. pos 12, line 1, column 7, token FROM : select  from content
        where book_id = ?] with root cause
com.alibaba.druid.sql.parser.ParserException: ERROR. pos 12, line 1, column 7, token FROM
	at com.alibaba.druid.sql.parser.SQLExprParser.primary(SQLExprParser.java:1128)
	at com.alibaba.druid.sql.dialect.mysql.parser.MySqlExprParser.primary(MySqlExprParser.java:503)
	at com.alibaba.druid.sql.parser.SQLExprParser.expr(SQLExprParser.java:95)
	at com.alibaba.druid.sql.parser.SQLExprParser.parseSelectItem(SQLExprParser.java:5427)
	at com.alibaba.druid.sql.parser.SQLSelectParser.parseSelectList(SQLSelectParser.java:973)
	at com.alibaba.druid.sql.dialect.mysql.parser.MySqlSelectParser.query(MySqlSelectParser.java:235)
	at com.alibaba.druid.sql.parser.SQLSelectParser.query(SQLSelectParser.java:372)
	at com.alibaba.druid.sql.parser.SQLSelectParser.select(SQLSelectParser.java:61)
	at com.alibaba.druid.sql.dialect.mysql.parser.MySqlStatementParser.parseSelect(MySqlStatementParser.java:124)
	at com.alibaba.druid.sql.parser.SQLStatementParser.parseStatementList(SQLStatementParser.java:204)
	at com.alibaba.druid.sql.parser.SQLStatementParser.parseStatementList(SQLStatementParser.java:124)
	at com.alibaba.druid.wall.WallProvider.checkInternal(WallProvider.java:629)
	at com.alibaba.druid.wall.WallProvider.check(WallProvider.java:583)
	at com.alibaba.druid.wall.WallFilter.checkInternal(WallFilter.java:820)
	at com.alibaba.druid.wall.WallFilter.connection_prepareStatement(WallFilter.java:286)
	at com.alibaba.druid.filter.FilterChainImpl.connection_prepareStatement(FilterChainImpl.java:568)
	at com.alibaba.druid.filter.FilterAdapter.connection_prepareStatement(FilterAdapter.java:930)
	at com.alibaba.druid.filter.FilterEventAdapter.connection_prepareStatement(FilterEventAdapter.java:122)
	at com.alibaba.druid.filter.FilterChainImpl.connection_prepareStatement(FilterChainImpl.java:568)
	at com.alibaba.druid.proxy.jdbc.ConnectionProxyImpl.prepareStatement(ConnectionProxyImpl.java:341)
	at com.alibaba.druid.pool.DruidPooledConnection.prepareStatement(DruidPooledConnection.java:351)
	at org.apache.ibatis.executor.statement.PreparedStatementHandler.instantiateStatement(PreparedStatementHandler.java:86)
	at org.apache.ibatis.executor.statement.BaseStatementHandler.prepare(BaseStatementHandler.java:88)
	at org.apache.ibatis.executor.statement.RoutingStatementHandler.prepare(RoutingStatementHandler.java:59)
	at org.apache.ibatis.executor.SimpleExecutor.prepareStatement(SimpleExecutor.java:87)
	at org.apache.ibatis.executor.SimpleExecutor.doQuery(SimpleExecutor.java:62)
	at org.apache.ibatis.executor.BaseExecutor.queryFromDatabase(BaseExecutor.java:325)
	at org.apache.ibatis.executor.BaseExecutor.query(BaseExecutor.java:156)
	at org.apache.ibatis.executor.CachingExecutor.query(CachingExecutor.java:109)
	at org.apache.ibatis.executor.CachingExecutor.query(CachingExecutor.java:89)
	at org.apache.ibatis.session.defaults.DefaultSqlSession.selectList(DefaultSqlSession.java:147)
	at org.apache.ibatis.session.defaults.DefaultSqlSession.selectList(DefaultSqlSession.java:140)
	at org.apache.ibatis.session.defaults.DefaultSqlSession.selectOne(DefaultSqlSession.java:76)
	at sun.reflect.GeneratedMethodAccessor92.invoke(Unknown Source)
	at sun.reflect.DelegatingMethodAccessorImpl.invoke(DelegatingMethodAccessorImpl.java:43)
	at java.lang.reflect.Method.invoke(Method.java:498)
	at org.mybatis.spring.SqlSessionTemplate$SqlSessionInterceptor.invoke(SqlSessionTemplate.java:426)
	at com.sun.proxy.$Proxy58.selectOne(Unknown Source)
	at org.mybatis.spring.SqlSessionTemplate.selectOne(SqlSessionTemplate.java:159)
	at org.apache.ibatis.binding.MapperMethod.execute(MapperMethod.java:87)
	at org.apache.ibatis.binding.MapperProxy$PlainMethodInvoker.invoke(MapperProxy.java:152)
	at org.apache.ibatis.binding.MapperProxy.invoke(MapperProxy.java:85)
	at com.sun.proxy.$Proxy69.bContent(Unknown Source)
	at bao.xy.service.impl.WechatServiceImpl.bookContnet(WechatServiceImpl.java:156)
	at bao.xy.service.impl.WechatServiceImpl$$FastClassBySpringCGLIB$$d63a0889.invoke(<generated>)
	at org.springframework.cglib.proxy.MethodProxy.invoke(MethodProxy.java:218)
	at org.springframework.aop.framework.CglibAopProxy$CglibMethodInvocation.invokeJoinpoint(CglibAopProxy.java:771)
	at org.springframework.aop.framework.ReflectiveMethodInvocation.proceed(ReflectiveMethodInvocation.java:163)
	at org.springframework.aop.framework.CglibAopProxy$CglibMethodInvocation.proceed(CglibAopProxy.java:749)
	at org.springframework.transaction.interceptor.TransactionAspectSupport.invokeWithinTransaction(TransactionAspectSupport.java:367)
	at org.springframework.transaction.interceptor.TransactionInterceptor.invoke(TransactionInterceptor.java:118)
	at org.springframework.aop.framework.ReflectiveMethodInvocation.proceed(ReflectiveMethodInvocation.java:186)
	at org.springframework.aop.framework.CglibAopProxy$CglibMethodInvocation.proceed(CglibAopProxy.java:749)
	at org.springframework.aop.framework.CglibAopProxy$DynamicAdvisedInterceptor.intercept(CglibAopProxy.java:691)
	at bao.xy.service.impl.WechatServiceImpl$$EnhancerBySpringCGLIB$$f1ed0a7c.bookContnet(<generated>)
	at bao.xy.controller.WechatController.content(WechatController.java:53)
	at sun.reflect.GeneratedMethodAccessor91.invoke(Unknown Source)
	at sun.reflect.DelegatingMethodAccessorImpl.invoke(DelegatingMethodAccessorImpl.java:43)
	at java.lang.reflect.Method.invoke(Method.java:498)
	at org.springframework.web.method.support.InvocableHandlerMethod.doInvoke(InvocableHandlerMethod.java:190)
	at org.springframework.web.method.support.InvocableHandlerMethod.invokeForRequest(InvocableHandlerMethod.java:138)
	at org.springframework.web.servlet.mvc.method.annotation.ServletInvocableHandlerMethod.invokeAndHandle(ServletInvocableHandlerMethod.java:105)
	at org.springframework.web.servlet.mvc.method.annotation.RequestMappingHandlerAdapter.invokeHandlerMethod(RequestMappingHandlerAdapter.java:878)
	at org.springframework.web.servlet.mvc.method.annotation.RequestMappingHandlerAdapter.handleInternal(RequestMappingHandlerAdapter.java:792)
	at org.springframework.web.servlet.mvc.method.AbstractHandlerMethodAdapter.handle(AbstractHandlerMethodAdapter.java:87)
	at org.springframework.web.servlet.DispatcherServlet.doDispatch(DispatcherServlet.java:1040)
	at org.springframework.web.servlet.DispatcherServlet.doService(DispatcherServlet.java:943)
	at org.springframework.web.servlet.FrameworkServlet.processRequest(FrameworkServlet.java:1006)
	at org.springframework.web.servlet.FrameworkServlet.doPost(FrameworkServlet.java:909)
	at javax.servlet.http.HttpServlet.service(HttpServlet.java:652)
	at org.springframework.web.servlet.FrameworkServlet.service(FrameworkServlet.java:883)
	at javax.servlet.http.HttpServlet.service(HttpServlet.java:733)
	at org.apache.catalina.core.ApplicationFilterChain.internalDoFilter(ApplicationFilterChain.java:231)
	at org.apache.catalina.core.ApplicationFilterChain.doFilter(ApplicationFilterChain.java:166)
	at org.apache.tomcat.websocket.server.WsFilter.doFilter(WsFilter.java:53)
	at org.apache.catalina.core.ApplicationFilterChain.internalDoFilter(ApplicationFilterChain.java:193)
	at org.apache.catalina.core.ApplicationFilterChain.doFilter(ApplicationFilterChain.java:166)
	at com.alibaba.druid.support.http.WebStatFilter.doFilter(WebStatFilter.java:124)
	at org.apache.catalina.core.ApplicationFilterChain.internalDoFilter(ApplicationFilterChain.java:193)
	at org.apache.catalina.core.ApplicationFilterChain.doFilter(ApplicationFilterChain.java:166)
	at org.springframework.web.filter.RequestContextFilter.doFilterInternal(RequestContextFilter.java:100)
	at org.springframework.web.filter.OncePerRequestFilter.doFilter(OncePerRequestFilter.java:119)
	at org.apache.catalina.core.ApplicationFilterChain.internalDoFilter(ApplicationFilterChain.java:193)
	at org.apache.catalina.core.ApplicationFilterChain.doFilter(ApplicationFilterChain.java:166)
	at org.springframework.web.filter.FormContentFilter.doFilterInternal(FormContentFilter.java:93)
	at org.springframework.web.filter.OncePerRequestFilter.doFilter(OncePerRequestFilter.java:119)
	at org.apache.catalina.core.ApplicationFilterChain.internalDoFilter(ApplicationFilterChain.java:193)
	at org.apache.catalina.core.ApplicationFilterChain.doFilter(ApplicationFilterChain.java:166)
	at org.springframework.web.filter.CharacterEncodingFilter.doFilterInternal(CharacterEncodingFilter.java:201)
	at org.springframework.web.filter.OncePerRequestFilter.doFilter(OncePerRequestFilter.java:119)
	at org.apache.catalina.core.ApplicationFilterChain.internalDoFilter(ApplicationFilterChain.java:193)
	at org.apache.catalina.core.ApplicationFilterChain.doFilter(ApplicationFilterChain.java:166)
	at org.apache.catalina.core.StandardWrapperValve.invoke(StandardWrapperValve.java:202)
	at org.apache.catalina.core.StandardContextValve.invoke(StandardContextValve.java:97)
	at org.apache.catalina.authenticator.AuthenticatorBase.invoke(AuthenticatorBase.java:542)
	at org.apache.catalina.core.StandardHostValve.invoke(StandardHostValve.java:143)
	at org.apache.catalina.valves.ErrorReportValve.invoke(ErrorReportValve.java:92)
	at org.apache.catalina.core.StandardEngineValve.invoke(StandardEngineValve.java:78)
	at org.apache.catalina.connector.CoyoteAdapter.service(CoyoteAdapter.java:343)
	at org.apache.coyote.http11.Http11Processor.service(Http11Processor.java:374)
	at org.apache.coyote.AbstractProcessorLight.process(AbstractProcessorLight.java:65)
	at org.apache.coyote.AbstractProtocol$ConnectionHandler.process(AbstractProtocol.java:868)
	at org.apache.tomcat.util.net.NioEndpoint$SocketProcessor.doRun(NioEndpoint.java:1590)
	at org.apache.tomcat.util.net.SocketProcessorBase.run(SocketProcessorBase.java:49)
	at java.util.concurrent.ThreadPoolExecutor.runWorker(ThreadPoolExecutor.java:1149)
	at java.util.concurrent.ThreadPoolExecutor$Worker.run(ThreadPoolExecutor.java:624)
	at org.apache.tomcat.util.threads.TaskThread$WrappingRunnable.run(TaskThread.java:61)
	at java.lang.Thread.run(Thread.java:748)
2020-11-16 08:28:02.369 [http-nio-8888-exec-1] ERROR c.a.d.pool.DruidAbstractDataSource - discard long time none received connection. , jdbcUrl : jdbc:mysql://127.0.0.1:3306/books?useUnicode=true&characterEncoding=utf-8&useSSL=true&serverTimezone=Asia/Shanghai, jdbcUrl : jdbc:mysql://127.0.0.1:3306/books?useUnicode=true&characterEncoding=utf-8&useSSL=true&serverTimezone=Asia/Shanghai, lastPacketReceivedIdleMillis : 146160
2020-11-16 08:32:01.264 [http-nio-8888-exec-3] ERROR c.a.d.pool.DruidAbstractDataSource - discard long time none received connection. , jdbcUrl : jdbc:mysql://127.0.0.1:3306/books?useUnicode=true&characterEncoding=utf-8&useSSL=true&serverTimezone=Asia/Shanghai, jdbcUrl : jdbc:mysql://127.0.0.1:3306/books?useUnicode=true&characterEncoding=utf-8&useSSL=true&serverTimezone=Asia/Shanghai, lastPacketReceivedIdleMillis : 110797
2020-11-16 08:56:45.601 [http-nio-8888-exec-3] ERROR c.a.d.pool.DruidAbstractDataSource - discard long time none received connection. , jdbcUrl : jdbc:mysql://127.0.0.1:3306/books?useUnicode=true&characterEncoding=utf-8&useSSL=true&serverTimezone=Asia/Shanghai, jdbcUrl : jdbc:mysql://127.0.0.1:3306/books?useUnicode=true&characterEncoding=utf-8&useSSL=true&serverTimezone=Asia/Shanghai, lastPacketReceivedIdleMillis : 1412976
2020-11-16 08:58:48.732 [http-nio-8888-exec-5] ERROR c.a.d.pool.DruidAbstractDataSource - discard long time none received connection. , jdbcUrl : jdbc:mysql://127.0.0.1:3306/books?useUnicode=true&characterEncoding=utf-8&useSSL=true&serverTimezone=Asia/Shanghai, jdbcUrl : jdbc:mysql://127.0.0.1:3306/books?useUnicode=true&characterEncoding=utf-8&useSSL=true&serverTimezone=Asia/Shanghai, lastPacketReceivedIdleMillis : 123120
2020-11-16 09:01:03.359 [http-nio-8888-exec-8] ERROR c.a.d.pool.DruidAbstractDataSource - discard long time none received connection. , jdbcUrl : jdbc:mysql://127.0.0.1:3306/books?useUnicode=true&characterEncoding=utf-8&useSSL=true&serverTimezone=Asia/Shanghai, jdbcUrl : jdbc:mysql://127.0.0.1:3306/books?useUnicode=true&characterEncoding=utf-8&useSSL=true&serverTimezone=Asia/Shanghai, lastPacketReceivedIdleMillis : 66103
2020-11-16 09:03:37.449 [background-preinit] INFO  o.h.validator.internal.util.Version - HV000001: Hibernate Validator 6.0.21.Final
2020-11-16 09:03:39.959 [main] INFO  o.s.b.w.e.tomcat.TomcatWebServer - Tomcat initialized with port(s): 8888 (http)
2020-11-16 09:03:39.969 [main] INFO  o.a.coyote.http11.Http11NioProtocol - Initializing ProtocolHandler ["http-nio-8888"]
2020-11-16 09:03:39.970 [main] INFO  o.a.catalina.core.StandardService - Starting service [Tomcat]
2020-11-16 09:03:39.970 [main] INFO  o.a.catalina.core.StandardEngine - Starting Servlet engine: [Apache Tomcat/9.0.39]
2020-11-16 09:03:40.077 [main] INFO  o.a.c.c.C.[Tomcat].[localhost].[/] - Initializing Spring embedded WebApplicationContext
2020-11-16 09:03:40.077 [main] INFO  o.s.b.w.s.c.ServletWebServerApplicationContext - Root WebApplicationContext: initialization completed in 2448 ms
2020-11-16 09:03:40.255 [main] INFO  c.a.d.s.b.a.DruidDataSourceAutoConfigure - Init DruidDataSource
2020-11-16 09:03:40.878 [main] INFO  c.alibaba.druid.pool.DruidDataSource - {dataSource-1} inited
2020-11-16 09:03:41.573 [main] INFO  o.s.s.c.ThreadPoolTaskExecutor - Initializing ExecutorService 'applicationTaskExecutor'
2020-11-16 09:03:41.661 [main] INFO  o.s.b.a.w.s.WelcomePageHandlerMapping - Adding welcome page: class path resource [static/index.html]
2020-11-16 09:03:41.857 [main] INFO  o.a.coyote.http11.Http11NioProtocol - Starting ProtocolHandler ["http-nio-8888"]
2020-11-16 09:03:41.878 [main] INFO  o.s.b.w.e.tomcat.TomcatWebServer - Tomcat started on port(s): 8888 (http) with context path ''
2020-11-16 09:03:43.934 [http-nio-8888-exec-1] INFO  o.a.c.c.C.[Tomcat].[localhost].[/] - Initializing Spring DispatcherServlet 'dispatcherServlet'
2020-11-16 09:03:43.934 [http-nio-8888-exec-1] INFO  o.s.web.servlet.DispatcherServlet - Initializing Servlet 'dispatcherServlet'
2020-11-16 09:03:43.942 [http-nio-8888-exec-1] INFO  o.s.web.servlet.DispatcherServlet - Completed initialization in 8 ms
2020-11-16 09:05:51.206 [http-nio-8888-exec-7] ERROR c.a.d.pool.DruidAbstractDataSource - discard long time none received connection. , jdbcUrl : jdbc:mysql://127.0.0.1:3306/books?useUnicode=true&characterEncoding=utf-8&useSSL=true&serverTimezone=Asia/Shanghai, jdbcUrl : jdbc:mysql://127.0.0.1:3306/books?useUnicode=true&characterEncoding=utf-8&useSSL=true&serverTimezone=Asia/Shanghai, lastPacketReceivedIdleMillis : 86363
2020-11-16 09:05:51.209 [http-nio-8888-exec-7] ERROR c.a.d.pool.DruidAbstractDataSource - discard long time none received connection. , jdbcUrl : jdbc:mysql://127.0.0.1:3306/books?useUnicode=true&characterEncoding=utf-8&useSSL=true&serverTimezone=Asia/Shanghai, jdbcUrl : jdbc:mysql://127.0.0.1:3306/books?useUnicode=true&characterEncoding=utf-8&useSSL=true&serverTimezone=Asia/Shanghai, lastPacketReceivedIdleMillis : 130344
2020-11-16 09:08:18.894 [http-nio-8888-exec-9] ERROR c.a.d.pool.DruidAbstractDataSource - discard long time none received connection. , jdbcUrl : jdbc:mysql://127.0.0.1:3306/books?useUnicode=true&characterEncoding=utf-8&useSSL=true&serverTimezone=Asia/Shanghai, jdbcUrl : jdbc:mysql://127.0.0.1:3306/books?useUnicode=true&characterEncoding=utf-8&useSSL=true&serverTimezone=Asia/Shanghai, lastPacketReceivedIdleMillis : 147666
2020-11-16 09:12:37.892 [http-nio-8888-exec-8] ERROR c.a.d.pool.DruidAbstractDataSource - discard long time none received connection. , jdbcUrl : jdbc:mysql://127.0.0.1:3306/books?useUnicode=true&characterEncoding=utf-8&useSSL=true&serverTimezone=Asia/Shanghai, jdbcUrl : jdbc:mysql://127.0.0.1:3306/books?useUnicode=true&characterEncoding=utf-8&useSSL=true&serverTimezone=Asia/Shanghai, lastPacketReceivedIdleMillis : 71613
2020-11-16 09:25:07.754 [http-nio-8888-exec-5] ERROR c.a.d.pool.DruidAbstractDataSource - discard long time none received connection. , jdbcUrl : jdbc:mysql://127.0.0.1:3306/books?useUnicode=true&characterEncoding=utf-8&useSSL=true&serverTimezone=Asia/Shanghai, jdbcUrl : jdbc:mysql://127.0.0.1:3306/books?useUnicode=true&characterEncoding=utf-8&useSSL=true&serverTimezone=Asia/Shanghai, lastPacketReceivedIdleMillis : 677411
2020-11-16 09:26:28.790 [background-preinit] INFO  o.h.validator.internal.util.Version - HV000001: Hibernate Validator 6.0.21.Final
2020-11-16 09:26:31.298 [main] INFO  o.s.b.w.e.tomcat.TomcatWebServer - Tomcat initialized with port(s): 8888 (http)
2020-11-16 09:26:31.307 [main] INFO  o.a.coyote.http11.Http11NioProtocol - Initializing ProtocolHandler ["http-nio-8888"]
2020-11-16 09:26:31.308 [main] INFO  o.a.catalina.core.StandardService - Starting service [Tomcat]
2020-11-16 09:26:31.309 [main] INFO  o.a.catalina.core.StandardEngine - Starting Servlet engine: [Apache Tomcat/9.0.39]
2020-11-16 09:26:31.496 [main] INFO  o.a.c.c.C.[Tomcat].[localhost].[/] - Initializing Spring embedded WebApplicationContext
2020-11-16 09:26:31.497 [main] INFO  o.s.b.w.s.c.ServletWebServerApplicationContext - Root WebApplicationContext: initialization completed in 2518 ms
2020-11-16 09:26:31.676 [main] INFO  c.a.d.s.b.a.DruidDataSourceAutoConfigure - Init DruidDataSource
2020-11-16 09:26:32.298 [main] INFO  c.alibaba.druid.pool.DruidDataSource - {dataSource-1} inited
2020-11-16 09:26:33.268 [main] INFO  o.s.s.c.ThreadPoolTaskExecutor - Initializing ExecutorService 'applicationTaskExecutor'
2020-11-16 09:26:33.330 [main] INFO  o.s.b.a.w.s.WelcomePageHandlerMapping - Adding welcome page: class path resource [static/index.html]
2020-11-16 09:26:33.538 [main] INFO  o.a.coyote.http11.Http11NioProtocol - Starting ProtocolHandler ["http-nio-8888"]
2020-11-16 09:26:33.561 [main] INFO  o.s.b.w.e.tomcat.TomcatWebServer - Tomcat started on port(s): 8888 (http) with context path ''
2020-11-16 09:26:33.893 [http-nio-8888-exec-1] INFO  o.a.c.c.C.[Tomcat].[localhost].[/] - Initializing Spring DispatcherServlet 'dispatcherServlet'
2020-11-16 09:26:33.894 [http-nio-8888-exec-1] INFO  o.s.web.servlet.DispatcherServlet - Initializing Servlet 'dispatcherServlet'
2020-11-16 09:26:33.900 [http-nio-8888-exec-1] INFO  o.s.web.servlet.DispatcherServlet - Completed initialization in 6 ms
2020-11-16 09:27:34.721 [background-preinit] INFO  o.h.validator.internal.util.Version - HV000001: Hibernate Validator 6.0.21.Final
2020-11-16 09:27:36.871 [main] INFO  o.s.b.w.e.tomcat.TomcatWebServer - Tomcat initialized with port(s): 8888 (http)
2020-11-16 09:27:36.884 [main] INFO  o.a.coyote.http11.Http11NioProtocol - Initializing ProtocolHandler ["http-nio-8888"]
2020-11-16 09:27:36.885 [main] INFO  o.a.catalina.core.StandardService - Starting service [Tomcat]
2020-11-16 09:27:36.885 [main] INFO  o.a.catalina.core.StandardEngine - Starting Servlet engine: [Apache Tomcat/9.0.39]
2020-11-16 09:27:36.991 [main] INFO  o.a.c.c.C.[Tomcat].[localhost].[/] - Initializing Spring embedded WebApplicationContext
2020-11-16 09:27:36.991 [main] INFO  o.s.b.w.s.c.ServletWebServerApplicationContext - Root WebApplicationContext: initialization completed in 2086 ms
2020-11-16 09:27:37.124 [main] INFO  c.a.d.s.b.a.DruidDataSourceAutoConfigure - Init DruidDataSource
2020-11-16 09:27:37.461 [main] INFO  c.alibaba.druid.pool.DruidDataSource - {dataSource-1} inited
2020-11-16 09:27:37.993 [main] INFO  o.s.s.c.ThreadPoolTaskExecutor - Initializing ExecutorService 'applicationTaskExecutor'
2020-11-16 09:27:38.057 [main] INFO  o.s.b.a.w.s.WelcomePageHandlerMapping - Adding welcome page: class path resource [static/index.html]
2020-11-16 09:27:38.185 [main] INFO  o.a.coyote.http11.Http11NioProtocol - Starting ProtocolHandler ["http-nio-8888"]
2020-11-16 09:27:38.213 [main] INFO  o.s.b.w.e.tomcat.TomcatWebServer - Tomcat started on port(s): 8888 (http) with context path ''
2020-11-16 09:28:04.980 [http-nio-8888-exec-1] INFO  o.a.c.c.C.[Tomcat].[localhost].[/] - Initializing Spring DispatcherServlet 'dispatcherServlet'
2020-11-16 09:28:04.980 [http-nio-8888-exec-1] INFO  o.s.web.servlet.DispatcherServlet - Initializing Servlet 'dispatcherServlet'
2020-11-16 09:28:04.994 [http-nio-8888-exec-1] INFO  o.s.web.servlet.DispatcherServlet - Completed initialization in 12 ms
2020-11-16 09:38:17.691 [http-nio-8888-exec-6] ERROR c.a.d.pool.DruidAbstractDataSource - discard long time none received connection. , jdbcUrl : jdbc:mysql://127.0.0.1:3306/books?useUnicode=true&characterEncoding=utf-8&useSSL=true&serverTimezone=Asia/Shanghai, jdbcUrl : jdbc:mysql://127.0.0.1:3306/books?useUnicode=true&characterEncoding=utf-8&useSSL=true&serverTimezone=Asia/Shanghai, lastPacketReceivedIdleMillis : 605914
2020-11-16 09:38:17.692 [http-nio-8888-exec-6] ERROR c.a.d.pool.DruidAbstractDataSource - discard long time none received connection. , jdbcUrl : jdbc:mysql://127.0.0.1:3306/books?useUnicode=true&characterEncoding=utf-8&useSSL=true&serverTimezone=Asia/Shanghai, jdbcUrl : jdbc:mysql://127.0.0.1:3306/books?useUnicode=true&characterEncoding=utf-8&useSSL=true&serverTimezone=Asia/Shanghai, lastPacketReceivedIdleMillis : 640242
2020-11-16 09:49:19.422 [http-nio-8888-exec-5] ERROR c.a.d.pool.DruidAbstractDataSource - discard long time none received connection. , jdbcUrl : jdbc:mysql://127.0.0.1:3306/books?useUnicode=true&characterEncoding=utf-8&useSSL=true&serverTimezone=Asia/Shanghai, jdbcUrl : jdbc:mysql://127.0.0.1:3306/books?useUnicode=true&characterEncoding=utf-8&useSSL=true&serverTimezone=Asia/Shanghai, lastPacketReceivedIdleMillis : 648970
2020-11-16 09:52:51.444 [http-nio-8888-exec-2] ERROR c.a.d.pool.DruidAbstractDataSource - discard long time none received connection. , jdbcUrl : jdbc:mysql://127.0.0.1:3306/books?useUnicode=true&characterEncoding=utf-8&useSSL=true&serverTimezone=Asia/Shanghai, jdbcUrl : jdbc:mysql://127.0.0.1:3306/books?useUnicode=true&characterEncoding=utf-8&useSSL=true&serverTimezone=Asia/Shanghai, lastPacketReceivedIdleMillis : 146107
2020-11-16 10:16:05.850 [http-nio-8888-exec-8] ERROR c.a.d.pool.DruidAbstractDataSource - discard long time none received connection. , jdbcUrl : jdbc:mysql://127.0.0.1:3306/books?useUnicode=true&characterEncoding=utf-8&useSSL=true&serverTimezone=Asia/Shanghai, jdbcUrl : jdbc:mysql://127.0.0.1:3306/books?useUnicode=true&characterEncoding=utf-8&useSSL=true&serverTimezone=Asia/Shanghai, lastPacketReceivedIdleMillis : 1384853
2020-11-16 10:24:26.615 [http-nio-8888-exec-5] ERROR c.a.d.pool.DruidAbstractDataSource - discard long time none received connection. , jdbcUrl : jdbc:mysql://127.0.0.1:3306/books?useUnicode=true&characterEncoding=utf-8&useSSL=true&serverTimezone=Asia/Shanghai, jdbcUrl : jdbc:mysql://127.0.0.1:3306/books?useUnicode=true&characterEncoding=utf-8&useSSL=true&serverTimezone=Asia/Shanghai, lastPacketReceivedIdleMillis : 99862
2020-11-16 10:25:38.119 [http-nio-8888-exec-7] ERROR c.a.d.pool.DruidAbstractDataSource - discard long time none received connection. , jdbcUrl : jdbc:mysql://127.0.0.1:3306/books?useUnicode=true&characterEncoding=utf-8&useSSL=true&serverTimezone=Asia/Shanghai, jdbcUrl : jdbc:mysql://127.0.0.1:3306/books?useUnicode=true&characterEncoding=utf-8&useSSL=true&serverTimezone=Asia/Shanghai, lastPacketReceivedIdleMillis : 71490
2020-11-16 10:28:39.647 [http-nio-8888-exec-3] ERROR c.a.d.pool.DruidAbstractDataSource - discard long time none received connection. , jdbcUrl : jdbc:mysql://127.0.0.1:3306/books?useUnicode=true&characterEncoding=utf-8&useSSL=true&serverTimezone=Asia/Shanghai, jdbcUrl : jdbc:mysql://127.0.0.1:3306/books?useUnicode=true&characterEncoding=utf-8&useSSL=true&serverTimezone=Asia/Shanghai, lastPacketReceivedIdleMillis : 86306
2020-11-16 10:34:23.842 [http-nio-8888-exec-7] ERROR c.a.d.pool.DruidAbstractDataSource - discard long time none received connection. , jdbcUrl : jdbc:mysql://127.0.0.1:3306/books?useUnicode=true&characterEncoding=utf-8&useSSL=true&serverTimezone=Asia/Shanghai, jdbcUrl : jdbc:mysql://127.0.0.1:3306/books?useUnicode=true&characterEncoding=utf-8&useSSL=true&serverTimezone=Asia/Shanghai, lastPacketReceivedIdleMillis : 339770
2020-11-16 10:37:00.577 [http-nio-8888-exec-5] ERROR c.a.d.pool.DruidAbstractDataSource - discard long time none received connection. , jdbcUrl : jdbc:mysql://127.0.0.1:3306/books?useUnicode=true&characterEncoding=utf-8&useSSL=true&serverTimezone=Asia/Shanghai, jdbcUrl : jdbc:mysql://127.0.0.1:3306/books?useUnicode=true&characterEncoding=utf-8&useSSL=true&serverTimezone=Asia/Shanghai, lastPacketReceivedIdleMillis : 94925
2020-11-16 10:38:17.976 [http-nio-8888-exec-2] ERROR c.a.d.pool.DruidAbstractDataSource - discard long time none received connection. , jdbcUrl : jdbc:mysql://127.0.0.1:3306/books?useUnicode=true&characterEncoding=utf-8&useSSL=true&serverTimezone=Asia/Shanghai, jdbcUrl : jdbc:mysql://127.0.0.1:3306/books?useUnicode=true&characterEncoding=utf-8&useSSL=true&serverTimezone=Asia/Shanghai, lastPacketReceivedIdleMillis : 71426
2020-11-16 11:44:00.133 [http-nio-8888-exec-8] ERROR c.a.d.pool.DruidAbstractDataSource - discard long time none received connection. , jdbcUrl : jdbc:mysql://127.0.0.1:3306/books?useUnicode=true&characterEncoding=utf-8&useSSL=true&serverTimezone=Asia/Shanghai, jdbcUrl : jdbc:mysql://127.0.0.1:3306/books?useUnicode=true&characterEncoding=utf-8&useSSL=true&serverTimezone=Asia/Shanghai, lastPacketReceivedIdleMillis : 3934232
